<?xml version="1.0" encoding="UTF-8"?>
<testsuite xmlns:xsi="http://www.w3.org/2001/XMLSchema-instance" xsi:noNamespaceSchemaLocation="https://maven.apache.org/surefire/maven-surefire-plugin/xsd/surefire-test-report.xsd" name="com.example.demo.repository.PlayerRepositoryTest" time="0.62" tests="2" errors="1" skipped="0" failures="0">
  <properties>
    <property name="java.specification.version" value="17"/>
    <property name="sun.cpu.isalist" value="amd64"/>
    <property name="sun.jnu.encoding" value="Cp1252"/>
    <property name="java.class.path" value="C:\Users\Ferdi\IdeaProjects\digitalOcean\target\test-classes;C:\Users\Ferdi\IdeaProjects\digitalOcean\target\classes;D:\Maven\.m2\repository\org\springframework\boot\spring-boot-starter-data-jpa\2.7.5\spring-boot-starter-data-jpa-2.7.5.jar;D:\Maven\.m2\repository\org\springframework\boot\spring-boot-starter-aop\2.7.5\spring-boot-starter-aop-2.7.5.jar;D:\Maven\.m2\repository\org\aspectj\aspectjweaver\1.9.7\aspectjweaver-1.9.7.jar;D:\Maven\.m2\repository\org\springframework\boot\spring-boot-starter-jdbc\2.7.5\spring-boot-starter-jdbc-2.7.5.jar;D:\Maven\.m2\repository\com\zaxxer\HikariCP\4.0.3\HikariCP-4.0.3.jar;D:\Maven\.m2\repository\org\springframework\spring-jdbc\5.3.23\spring-jdbc-5.3.23.jar;D:\Maven\.m2\repository\jakarta\transaction\jakarta.transaction-api\1.3.3\jakarta.transaction-api-1.3.3.jar;D:\Maven\.m2\repository\jakarta\persistence\jakarta.persistence-api\2.2.3\jakarta.persistence-api-2.2.3.jar;D:\Maven\.m2\repository\org\hibernate\hibernate-core\5.6.12.Final\hibernate-core-5.6.12.Final.jar;D:\Maven\.m2\repository\org\jboss\logging\jboss-logging\3.4.3.Final\jboss-logging-3.4.3.Final.jar;D:\Maven\.m2\repository\net\bytebuddy\byte-buddy\1.12.18\byte-buddy-1.12.18.jar;D:\Maven\.m2\repository\antlr\antlr\2.7.7\antlr-2.7.7.jar;D:\Maven\.m2\repository\org\jboss\jandex\2.4.2.Final\jandex-2.4.2.Final.jar;D:\Maven\.m2\repository\com\fasterxml\classmate\1.5.1\classmate-1.5.1.jar;D:\Maven\.m2\repository\org\hibernate\common\hibernate-commons-annotations\5.1.2.Final\hibernate-commons-annotations-5.1.2.Final.jar;D:\Maven\.m2\repository\org\glassfish\jaxb\jaxb-runtime\2.3.7\jaxb-runtime-2.3.7.jar;D:\Maven\.m2\repository\org\glassfish\jaxb\txw2\2.3.7\txw2-2.3.7.jar;D:\Maven\.m2\repository\com\sun\istack\istack-commons-runtime\3.0.12\istack-commons-runtime-3.0.12.jar;D:\Maven\.m2\repository\com\sun\activation\jakarta.activation\1.2.2\jakarta.activation-1.2.2.jar;D:\Maven\.m2\repository\org\springframework\data\spring-data-jpa\2.7.5\spring-data-jpa-2.7.5.jar;D:\Maven\.m2\repository\org\springframework\data\spring-data-commons\2.7.5\spring-data-commons-2.7.5.jar;D:\Maven\.m2\repository\org\springframework\spring-orm\5.3.23\spring-orm-5.3.23.jar;D:\Maven\.m2\repository\org\springframework\spring-tx\5.3.23\spring-tx-5.3.23.jar;D:\Maven\.m2\repository\org\slf4j\slf4j-api\1.7.36\slf4j-api-1.7.36.jar;D:\Maven\.m2\repository\org\springframework\spring-aspects\5.3.23\spring-aspects-5.3.23.jar;D:\Maven\.m2\repository\com\vaadin\vaadin-spring-boot-starter\23.2.7\vaadin-spring-boot-starter-23.2.7.jar;D:\Maven\.m2\repository\com\vaadin\vaadin-spring\23.2.6\vaadin-spring-23.2.6.jar;D:\Maven\.m2\repository\com\vaadin\flow-server\23.2.6\flow-server-23.2.6.jar;D:\Maven\.m2\repository\javax\annotation\javax.annotation-api\1.3.2\javax.annotation-api-1.3.2.jar;D:\Maven\.m2\repository\com\vaadin\external\gwt\gwt-elemental\2.8.2.vaadin2\gwt-elemental-2.8.2.vaadin2.jar;D:\Maven\.m2\repository\commons-fileupload\commons-fileupload\1.4\commons-fileupload-1.4.jar;D:\Maven\.m2\repository\commons-io\commons-io\2.11.0\commons-io-2.11.0.jar;D:\Maven\.m2\repository\com\fasterxml\jackson\core\jackson-core\2.13.4\jackson-core-2.13.4.jar;D:\Maven\.m2\repository\com\fasterxml\jackson\core\jackson-databind\2.13.4.2\jackson-databind-2.13.4.2.jar;D:\Maven\.m2\repository\com\fasterxml\jackson\core\jackson-annotations\2.13.4\jackson-annotations-2.13.4.jar;D:\Maven\.m2\repository\org\jsoup\jsoup\1.15.3\jsoup-1.15.3.jar;D:\Maven\.m2\repository\com\helger\ph-css\6.5.0\ph-css-6.5.0.jar;D:\Maven\.m2\repository\com\helger\commons\ph-commons\10.1.6\ph-commons-10.1.6.jar;D:\Maven\.m2\repository\com\google\code\findbugs\jsr305\3.0.2\jsr305-3.0.2.jar;D:\Maven\.m2\repository\com\vaadin\external\gentyref\1.2.0.vaadin1\gentyref-1.2.0.vaadin1.jar;D:\Maven\.m2\repository\org\apache\commons\commons-compress\1.22\commons-compress-1.22.jar;D:\Maven\.m2\repository\org\apache\httpcomponents\httpclient\4.5.13\httpclient-4.5.13.jar;D:\Maven\.m2\repository\org\apache\httpcomponents\httpcore\4.4.15\httpcore-4.4.15.jar;D:\Maven\.m2\repository\commons-codec\commons-codec\1.15\commons-codec-1.15.jar;D:\Maven\.m2\repository\com\vaadin\flow-push\23.2.6\flow-push-23.2.6.jar;D:\Maven\.m2\repository\com\vaadin\external\atmosphere\atmosphere-runtime\2.7.3.slf4jvaadin4\atmosphere-runtime-2.7.3.slf4jvaadin4.jar;D:\Maven\.m2\repository\com\vaadin\flow-client\23.2.6\flow-client-23.2.6.jar;D:\Maven\.m2\repository\org\springframework\spring-webmvc\5.3.23\spring-webmvc-5.3.23.jar;D:\Maven\.m2\repository\org\springframework\spring-websocket\5.3.23\spring-websocket-5.3.23.jar;D:\Maven\.m2\repository\org\hibernate\validator\hibernate-validator\6.2.5.Final\hibernate-validator-6.2.5.Final.jar;D:\Maven\.m2\repository\jakarta\validation\jakarta.validation-api\2.0.2\jakarta.validation-api-2.0.2.jar;D:\Maven\.m2\repository\com\vaadin\vaadin-core\23.2.7\vaadin-core-23.2.7.jar;D:\Maven\.m2\repository\com\vaadin\vaadin-dev-server\23.2.6\vaadin-dev-server-23.2.6.jar;D:\Maven\.m2\repository\com\vaadin\license-checker\1.10.1\license-checker-1.10.1.jar;D:\Maven\.m2\repository\com\github\oshi\oshi-core\6.1.6\oshi-core-6.1.6.jar;D:\Maven\.m2\repository\net\java\dev\jna\jna\5.11.0\jna-5.11.0.jar;D:\Maven\.m2\repository\net\java\dev\jna\jna-platform\5.11.0\jna-platform-5.11.0.jar;D:\Maven\.m2\repository\com\nimbusds\nimbus-jose-jwt\9.23\nimbus-jose-jwt-9.23.jar;D:\Maven\.m2\repository\org\lucee\jcip-annotations\1.0.0\jcip-annotations-1.0.0.jar;D:\Maven\.m2\repository\com\vaadin\flow-lit-template\23.2.6\flow-lit-template-23.2.6.jar;D:\Maven\.m2\repository\com\vaadin\flow-polymer-template\23.2.6\flow-polymer-template-23.2.6.jar;D:\Maven\.m2\repository\com\vaadin\flow-html-components\23.2.6\flow-html-components-23.2.6.jar;D:\Maven\.m2\repository\com\vaadin\flow-data\23.2.6\flow-data-23.2.6.jar;D:\Maven\.m2\repository\javax\validation\validation-api\2.0.1.Final\validation-api-2.0.1.Final.jar;D:\Maven\.m2\repository\com\vaadin\flow-dnd\23.2.6\flow-dnd-23.2.6.jar;D:\Maven\.m2\repository\org\webjars\npm\vaadin__vaadin-mobile-drag-drop\1.0.1\vaadin__vaadin-mobile-drag-drop-1.0.1.jar;D:\Maven\.m2\repository\org\webjars\npm\mobile-drag-drop\2.3.0-rc.2\mobile-drag-drop-2.3.0-rc.2.jar;D:\Maven\.m2\repository\com\vaadin\vaadin-lumo-theme\23.2.7\vaadin-lumo-theme-23.2.7.jar;D:\Maven\.m2\repository\com\vaadin\vaadin-material-theme\23.2.7\vaadin-material-theme-23.2.7.jar;D:\Maven\.m2\repository\com\vaadin\vaadin-accordion-flow\23.2.7\vaadin-accordion-flow-23.2.7.jar;D:\Maven\.m2\repository\com\vaadin\vaadin-avatar-flow\23.2.7\vaadin-avatar-flow-23.2.7.jar;D:\Maven\.m2\repository\com\vaadin\vaadin-flow-components-base\23.2.7\vaadin-flow-components-base-23.2.7.jar;D:\Maven\.m2\repository\com\vaadin\vaadin-button-flow\23.2.7\vaadin-button-flow-23.2.7.jar;D:\Maven\.m2\repository\com\vaadin\vaadin-checkbox-flow\23.2.7\vaadin-checkbox-flow-23.2.7.jar;D:\Maven\.m2\repository\com\vaadin\vaadin-combo-box-flow\23.2.7\vaadin-combo-box-flow-23.2.7.jar;D:\Maven\.m2\repository\com\vaadin\vaadin-confirm-dialog-flow\23.2.7\vaadin-confirm-dialog-flow-23.2.7.jar;D:\Maven\.m2\repository\com\vaadin\vaadin-custom-field-flow\23.2.7\vaadin-custom-field-flow-23.2.7.jar;D:\Maven\.m2\repository\com\vaadin\vaadin-date-picker-flow\23.2.7\vaadin-date-picker-flow-23.2.7.jar;D:\Maven\.m2\repository\com\vaadin\vaadin-date-time-picker-flow\23.2.7\vaadin-date-time-picker-flow-23.2.7.jar;D:\Maven\.m2\repository\com\vaadin\vaadin-details-flow\23.2.7\vaadin-details-flow-23.2.7.jar;D:\Maven\.m2\repository\com\vaadin\vaadin-time-picker-flow\23.2.7\vaadin-time-picker-flow-23.2.7.jar;D:\Maven\.m2\repository\com\vaadin\vaadin-select-flow\23.2.7\vaadin-select-flow-23.2.7.jar;D:\Maven\.m2\repository\com\vaadin\vaadin-dialog-flow\23.2.7\vaadin-dialog-flow-23.2.7.jar;D:\Maven\.m2\repository\com\vaadin\vaadin-form-layout-flow\23.2.7\vaadin-form-layout-flow-23.2.7.jar;D:\Maven\.m2\repository\com\vaadin\vaadin-field-highlighter-flow\23.2.7\vaadin-field-highlighter-flow-23.2.7.jar;D:\Maven\.m2\repository\com\vaadin\vaadin-grid-flow\23.2.7\vaadin-grid-flow-23.2.7.jar;D:\Maven\.m2\repository\org\apache\commons\commons-lang3\3.12.0\commons-lang3-3.12.0.jar;D:\Maven\.m2\repository\com\vaadin\vaadin-icons-flow\23.2.7\vaadin-icons-flow-23.2.7.jar;D:\Maven\.m2\repository\com\vaadin\vaadin-iron-list-flow\23.2.7\vaadin-iron-list-flow-23.2.7.jar;D:\Maven\.m2\repository\com\vaadin\vaadin-virtual-list-flow\23.2.7\vaadin-virtual-list-flow-23.2.7.jar;D:\Maven\.m2\repository\com\vaadin\vaadin-list-box-flow\23.2.7\vaadin-list-box-flow-23.2.7.jar;D:\Maven\.m2\repository\com\vaadin\vaadin-login-flow\23.2.7\vaadin-login-flow-23.2.7.jar;D:\Maven\.m2\repository\com\vaadin\vaadin-messages-flow\23.2.7\vaadin-messages-flow-23.2.7.jar;D:\Maven\.m2\repository\com\vaadin\vaadin-ordered-layout-flow\23.2.7\vaadin-ordered-layout-flow-23.2.7.jar;D:\Maven\.m2\repository\com\vaadin\vaadin-progress-bar-flow\23.2.7\vaadin-progress-bar-flow-23.2.7.jar;D:\Maven\.m2\repository\com\vaadin\vaadin-radio-button-flow\23.2.7\vaadin-radio-button-flow-23.2.7.jar;D:\Maven\.m2\repository\com\vaadin\vaadin-renderer-flow\23.2.7\vaadin-renderer-flow-23.2.7.jar;D:\Maven\.m2\repository\com\vaadin\vaadin-split-layout-flow\23.2.7\vaadin-split-layout-flow-23.2.7.jar;D:\Maven\.m2\repository\com\vaadin\vaadin-tabs-flow\23.2.7\vaadin-tabs-flow-23.2.7.jar;D:\Maven\.m2\repository\com\vaadin\vaadin-text-field-flow\23.2.7\vaadin-text-field-flow-23.2.7.jar;D:\Maven\.m2\repository\com\vaadin\vaadin-upload-flow\23.2.7\vaadin-upload-flow-23.2.7.jar;D:\Maven\.m2\repository\com\vaadin\vaadin-notification-flow\23.2.7\vaadin-notification-flow-23.2.7.jar;D:\Maven\.m2\repository\com\vaadin\vaadin-app-layout-flow\23.2.7\vaadin-app-layout-flow-23.2.7.jar;D:\Maven\.m2\repository\com\vaadin\vaadin-context-menu-flow\23.2.7\vaadin-context-menu-flow-23.2.7.jar;D:\Maven\.m2\repository\com\vaadin\vaadin-menu-bar-flow\23.2.7\vaadin-menu-bar-flow-23.2.7.jar;D:\Maven\.m2\repository\org\springframework\boot\spring-boot-starter-web\2.7.5\spring-boot-starter-web-2.7.5.jar;D:\Maven\.m2\repository\org\springframework\boot\spring-boot-starter-json\2.7.5\spring-boot-starter-json-2.7.5.jar;D:\Maven\.m2\repository\com\fasterxml\jackson\datatype\jackson-datatype-jdk8\2.13.4\jackson-datatype-jdk8-2.13.4.jar;D:\Maven\.m2\repository\com\fasterxml\jackson\datatype\jackson-datatype-jsr310\2.13.4\jackson-datatype-jsr310-2.13.4.jar;D:\Maven\.m2\repository\com\fasterxml\jackson\module\jackson-module-parameter-names\2.13.4\jackson-module-parameter-names-2.13.4.jar;D:\Maven\.m2\repository\org\springframework\boot\spring-boot-starter-tomcat\2.7.5\spring-boot-starter-tomcat-2.7.5.jar;D:\Maven\.m2\repository\org\apache\tomcat\embed\tomcat-embed-core\9.0.68\tomcat-embed-core-9.0.68.jar;D:\Maven\.m2\repository\org\apache\tomcat\embed\tomcat-embed-el\9.0.68\tomcat-embed-el-9.0.68.jar;D:\Maven\.m2\repository\org\apache\tomcat\embed\tomcat-embed-websocket\9.0.68\tomcat-embed-websocket-9.0.68.jar;D:\Maven\.m2\repository\org\springframework\spring-web\5.3.23\spring-web-5.3.23.jar;D:\Maven\.m2\repository\javax\javaee-api\8.0\javaee-api-8.0.jar;D:\Maven\.m2\repository\com\sun\mail\javax.mail\1.6.0\javax.mail-1.6.0.jar;D:\Maven\.m2\repository\javax\activation\activation\1.1\activation-1.1.jar;D:\Maven\.m2\repository\org\springframework\boot\spring-boot-devtools\2.7.5\spring-boot-devtools-2.7.5.jar;D:\Maven\.m2\repository\org\springframework\boot\spring-boot\2.7.5\spring-boot-2.7.5.jar;D:\Maven\.m2\repository\org\springframework\boot\spring-boot-autoconfigure\2.7.5\spring-boot-autoconfigure-2.7.5.jar;D:\Maven\.m2\repository\com\h2database\h2\2.1.214\h2-2.1.214.jar;D:\Maven\.m2\repository\org\springframework\boot\spring-boot-starter-test\2.7.5\spring-boot-starter-test-2.7.5.jar;D:\Maven\.m2\repository\org\springframework\boot\spring-boot-starter\2.7.5\spring-boot-starter-2.7.5.jar;D:\Maven\.m2\repository\org\springframework\boot\spring-boot-starter-logging\2.7.5\spring-boot-starter-logging-2.7.5.jar;D:\Maven\.m2\repository\ch\qos\logback\logback-classic\1.2.11\logback-classic-1.2.11.jar;D:\Maven\.m2\repository\ch\qos\logback\logback-core\1.2.11\logback-core-1.2.11.jar;D:\Maven\.m2\repository\org\apache\logging\log4j\log4j-to-slf4j\2.17.2\log4j-to-slf4j-2.17.2.jar;D:\Maven\.m2\repository\org\slf4j\jul-to-slf4j\1.7.36\jul-to-slf4j-1.7.36.jar;D:\Maven\.m2\repository\jakarta\annotation\jakarta.annotation-api\1.3.5\jakarta.annotation-api-1.3.5.jar;D:\Maven\.m2\repository\org\yaml\snakeyaml\1.30\snakeyaml-1.30.jar;D:\Maven\.m2\repository\org\springframework\boot\spring-boot-test\2.7.5\spring-boot-test-2.7.5.jar;D:\Maven\.m2\repository\org\springframework\boot\spring-boot-test-autoconfigure\2.7.5\spring-boot-test-autoconfigure-2.7.5.jar;D:\Maven\.m2\repository\com\jayway\jsonpath\json-path\2.7.0\json-path-2.7.0.jar;D:\Maven\.m2\repository\net\minidev\json-smart\2.4.8\json-smart-2.4.8.jar;D:\Maven\.m2\repository\net\minidev\accessors-smart\2.4.8\accessors-smart-2.4.8.jar;D:\Maven\.m2\repository\org\ow2\asm\asm\9.1\asm-9.1.jar;D:\Maven\.m2\repository\jakarta\xml\bind\jakarta.xml.bind-api\2.3.3\jakarta.xml.bind-api-2.3.3.jar;D:\Maven\.m2\repository\jakarta\activation\jakarta.activation-api\1.2.2\jakarta.activation-api-1.2.2.jar;D:\Maven\.m2\repository\org\assertj\assertj-core\3.22.0\assertj-core-3.22.0.jar;D:\Maven\.m2\repository\org\hamcrest\hamcrest\2.2\hamcrest-2.2.jar;D:\Maven\.m2\repository\org\junit\jupiter\junit-jupiter\5.8.2\junit-jupiter-5.8.2.jar;D:\Maven\.m2\repository\org\junit\jupiter\junit-jupiter-api\5.8.2\junit-jupiter-api-5.8.2.jar;D:\Maven\.m2\repository\org\opentest4j\opentest4j\1.2.0\opentest4j-1.2.0.jar;D:\Maven\.m2\repository\org\junit\platform\junit-platform-commons\1.8.2\junit-platform-commons-1.8.2.jar;D:\Maven\.m2\repository\org\apiguardian\apiguardian-api\1.1.2\apiguardian-api-1.1.2.jar;D:\Maven\.m2\repository\org\junit\jupiter\junit-jupiter-params\5.8.2\junit-jupiter-params-5.8.2.jar;D:\Maven\.m2\repository\org\junit\jupiter\junit-jupiter-engine\5.8.2\junit-jupiter-engine-5.8.2.jar;D:\Maven\.m2\repository\org\junit\platform\junit-platform-engine\1.8.2\junit-platform-engine-1.8.2.jar;D:\Maven\.m2\repository\org\mockito\mockito-core\4.5.1\mockito-core-4.5.1.jar;D:\Maven\.m2\repository\net\bytebuddy\byte-buddy-agent\1.12.18\byte-buddy-agent-1.12.18.jar;D:\Maven\.m2\repository\org\objenesis\objenesis\3.2\objenesis-3.2.jar;D:\Maven\.m2\repository\org\mockito\mockito-junit-jupiter\4.5.1\mockito-junit-jupiter-4.5.1.jar;D:\Maven\.m2\repository\org\skyscreamer\jsonassert\1.5.1\jsonassert-1.5.1.jar;D:\Maven\.m2\repository\com\vaadin\external\google\android-json\0.0.20131108.vaadin1\android-json-0.0.20131108.vaadin1.jar;D:\Maven\.m2\repository\org\springframework\spring-core\5.3.23\spring-core-5.3.23.jar;D:\Maven\.m2\repository\org\springframework\spring-jcl\5.3.23\spring-jcl-5.3.23.jar;D:\Maven\.m2\repository\org\springframework\spring-test\5.3.23\spring-test-5.3.23.jar;D:\Maven\.m2\repository\org\xmlunit\xmlunit-core\2.9.0\xmlunit-core-2.9.0.jar;D:\Maven\.m2\repository\com\mysql\mysql-connector-j\8.0.31\mysql-connector-j-8.0.31.jar;D:\Maven\.m2\repository\mysql\mysql-connector-java\8.0.23\mysql-connector-java-8.0.23.jar;D:\Maven\.m2\repository\org\projectlombok\lombok\1.18.24\lombok-1.18.24.jar;D:\Maven\.m2\repository\org\springframework\spring-context\5.3.5\spring-context-5.3.5.jar;D:\Maven\.m2\repository\org\springframework\spring-aop\5.3.23\spring-aop-5.3.23.jar;D:\Maven\.m2\repository\org\springframework\spring-beans\5.3.23\spring-beans-5.3.23.jar;D:\Maven\.m2\repository\org\springframework\spring-expression\5.3.23\spring-expression-5.3.23.jar;D:\Maven\.m2\repository\org\apache\logging\log4j\log4j-api\2.20.0\log4j-api-2.20.0.jar;D:\Maven\.m2\repository\org\apache\logging\log4j\log4j-core\2.20.0\log4j-core-2.20.0.jar;"/>
    <property name="java.vm.vendor" value="Oracle Corporation"/>
    <property name="sun.arch.data.model" value="64"/>
    <property name="user.variant" value=""/>
    <property name="java.vendor.url" value="https://java.oracle.com/"/>
    <property name="user.timezone" value="Europe/Istanbul"/>
    <property name="os.name" value="Windows 10"/>
    <property name="java.vm.specification.version" value="17"/>
    <property name="sun.java.launcher" value="SUN_STANDARD"/>
    <property name="user.country" value="US"/>
    <property name="sun.boot.library.path" value="C:\Program Files\Java\jdk-17\bin"/>
    <property name="sun.java.command" value="C:\Users\Ferdi\AppData\Local\Temp\surefire9881745309649846065\surefirebooter12942386247592491315.jar C:\Users\Ferdi\AppData\Local\Temp\surefire9881745309649846065 2023-09-18T17-57-58_520-jvmRun1 surefire7594836482502913487tmp surefire_015228035544679669043tmp"/>
    <property name="jdk.debug" value="release"/>
    <property name="surefire.test.class.path" value="C:\Users\Ferdi\IdeaProjects\digitalOcean\target\test-classes;C:\Users\Ferdi\IdeaProjects\digitalOcean\target\classes;D:\Maven\.m2\repository\org\springframework\boot\spring-boot-starter-data-jpa\2.7.5\spring-boot-starter-data-jpa-2.7.5.jar;D:\Maven\.m2\repository\org\springframework\boot\spring-boot-starter-aop\2.7.5\spring-boot-starter-aop-2.7.5.jar;D:\Maven\.m2\repository\org\aspectj\aspectjweaver\1.9.7\aspectjweaver-1.9.7.jar;D:\Maven\.m2\repository\org\springframework\boot\spring-boot-starter-jdbc\2.7.5\spring-boot-starter-jdbc-2.7.5.jar;D:\Maven\.m2\repository\com\zaxxer\HikariCP\4.0.3\HikariCP-4.0.3.jar;D:\Maven\.m2\repository\org\springframework\spring-jdbc\5.3.23\spring-jdbc-5.3.23.jar;D:\Maven\.m2\repository\jakarta\transaction\jakarta.transaction-api\1.3.3\jakarta.transaction-api-1.3.3.jar;D:\Maven\.m2\repository\jakarta\persistence\jakarta.persistence-api\2.2.3\jakarta.persistence-api-2.2.3.jar;D:\Maven\.m2\repository\org\hibernate\hibernate-core\5.6.12.Final\hibernate-core-5.6.12.Final.jar;D:\Maven\.m2\repository\org\jboss\logging\jboss-logging\3.4.3.Final\jboss-logging-3.4.3.Final.jar;D:\Maven\.m2\repository\net\bytebuddy\byte-buddy\1.12.18\byte-buddy-1.12.18.jar;D:\Maven\.m2\repository\antlr\antlr\2.7.7\antlr-2.7.7.jar;D:\Maven\.m2\repository\org\jboss\jandex\2.4.2.Final\jandex-2.4.2.Final.jar;D:\Maven\.m2\repository\com\fasterxml\classmate\1.5.1\classmate-1.5.1.jar;D:\Maven\.m2\repository\org\hibernate\common\hibernate-commons-annotations\5.1.2.Final\hibernate-commons-annotations-5.1.2.Final.jar;D:\Maven\.m2\repository\org\glassfish\jaxb\jaxb-runtime\2.3.7\jaxb-runtime-2.3.7.jar;D:\Maven\.m2\repository\org\glassfish\jaxb\txw2\2.3.7\txw2-2.3.7.jar;D:\Maven\.m2\repository\com\sun\istack\istack-commons-runtime\3.0.12\istack-commons-runtime-3.0.12.jar;D:\Maven\.m2\repository\com\sun\activation\jakarta.activation\1.2.2\jakarta.activation-1.2.2.jar;D:\Maven\.m2\repository\org\springframework\data\spring-data-jpa\2.7.5\spring-data-jpa-2.7.5.jar;D:\Maven\.m2\repository\org\springframework\data\spring-data-commons\2.7.5\spring-data-commons-2.7.5.jar;D:\Maven\.m2\repository\org\springframework\spring-orm\5.3.23\spring-orm-5.3.23.jar;D:\Maven\.m2\repository\org\springframework\spring-tx\5.3.23\spring-tx-5.3.23.jar;D:\Maven\.m2\repository\org\slf4j\slf4j-api\1.7.36\slf4j-api-1.7.36.jar;D:\Maven\.m2\repository\org\springframework\spring-aspects\5.3.23\spring-aspects-5.3.23.jar;D:\Maven\.m2\repository\com\vaadin\vaadin-spring-boot-starter\23.2.7\vaadin-spring-boot-starter-23.2.7.jar;D:\Maven\.m2\repository\com\vaadin\vaadin-spring\23.2.6\vaadin-spring-23.2.6.jar;D:\Maven\.m2\repository\com\vaadin\flow-server\23.2.6\flow-server-23.2.6.jar;D:\Maven\.m2\repository\javax\annotation\javax.annotation-api\1.3.2\javax.annotation-api-1.3.2.jar;D:\Maven\.m2\repository\com\vaadin\external\gwt\gwt-elemental\2.8.2.vaadin2\gwt-elemental-2.8.2.vaadin2.jar;D:\Maven\.m2\repository\commons-fileupload\commons-fileupload\1.4\commons-fileupload-1.4.jar;D:\Maven\.m2\repository\commons-io\commons-io\2.11.0\commons-io-2.11.0.jar;D:\Maven\.m2\repository\com\fasterxml\jackson\core\jackson-core\2.13.4\jackson-core-2.13.4.jar;D:\Maven\.m2\repository\com\fasterxml\jackson\core\jackson-databind\2.13.4.2\jackson-databind-2.13.4.2.jar;D:\Maven\.m2\repository\com\fasterxml\jackson\core\jackson-annotations\2.13.4\jackson-annotations-2.13.4.jar;D:\Maven\.m2\repository\org\jsoup\jsoup\1.15.3\jsoup-1.15.3.jar;D:\Maven\.m2\repository\com\helger\ph-css\6.5.0\ph-css-6.5.0.jar;D:\Maven\.m2\repository\com\helger\commons\ph-commons\10.1.6\ph-commons-10.1.6.jar;D:\Maven\.m2\repository\com\google\code\findbugs\jsr305\3.0.2\jsr305-3.0.2.jar;D:\Maven\.m2\repository\com\vaadin\external\gentyref\1.2.0.vaadin1\gentyref-1.2.0.vaadin1.jar;D:\Maven\.m2\repository\org\apache\commons\commons-compress\1.22\commons-compress-1.22.jar;D:\Maven\.m2\repository\org\apache\httpcomponents\httpclient\4.5.13\httpclient-4.5.13.jar;D:\Maven\.m2\repository\org\apache\httpcomponents\httpcore\4.4.15\httpcore-4.4.15.jar;D:\Maven\.m2\repository\commons-codec\commons-codec\1.15\commons-codec-1.15.jar;D:\Maven\.m2\repository\com\vaadin\flow-push\23.2.6\flow-push-23.2.6.jar;D:\Maven\.m2\repository\com\vaadin\external\atmosphere\atmosphere-runtime\2.7.3.slf4jvaadin4\atmosphere-runtime-2.7.3.slf4jvaadin4.jar;D:\Maven\.m2\repository\com\vaadin\flow-client\23.2.6\flow-client-23.2.6.jar;D:\Maven\.m2\repository\org\springframework\spring-webmvc\5.3.23\spring-webmvc-5.3.23.jar;D:\Maven\.m2\repository\org\springframework\spring-websocket\5.3.23\spring-websocket-5.3.23.jar;D:\Maven\.m2\repository\org\hibernate\validator\hibernate-validator\6.2.5.Final\hibernate-validator-6.2.5.Final.jar;D:\Maven\.m2\repository\jakarta\validation\jakarta.validation-api\2.0.2\jakarta.validation-api-2.0.2.jar;D:\Maven\.m2\repository\com\vaadin\vaadin-core\23.2.7\vaadin-core-23.2.7.jar;D:\Maven\.m2\repository\com\vaadin\vaadin-dev-server\23.2.6\vaadin-dev-server-23.2.6.jar;D:\Maven\.m2\repository\com\vaadin\license-checker\1.10.1\license-checker-1.10.1.jar;D:\Maven\.m2\repository\com\github\oshi\oshi-core\6.1.6\oshi-core-6.1.6.jar;D:\Maven\.m2\repository\net\java\dev\jna\jna\5.11.0\jna-5.11.0.jar;D:\Maven\.m2\repository\net\java\dev\jna\jna-platform\5.11.0\jna-platform-5.11.0.jar;D:\Maven\.m2\repository\com\nimbusds\nimbus-jose-jwt\9.23\nimbus-jose-jwt-9.23.jar;D:\Maven\.m2\repository\org\lucee\jcip-annotations\1.0.0\jcip-annotations-1.0.0.jar;D:\Maven\.m2\repository\com\vaadin\flow-lit-template\23.2.6\flow-lit-template-23.2.6.jar;D:\Maven\.m2\repository\com\vaadin\flow-polymer-template\23.2.6\flow-polymer-template-23.2.6.jar;D:\Maven\.m2\repository\com\vaadin\flow-html-components\23.2.6\flow-html-components-23.2.6.jar;D:\Maven\.m2\repository\com\vaadin\flow-data\23.2.6\flow-data-23.2.6.jar;D:\Maven\.m2\repository\javax\validation\validation-api\2.0.1.Final\validation-api-2.0.1.Final.jar;D:\Maven\.m2\repository\com\vaadin\flow-dnd\23.2.6\flow-dnd-23.2.6.jar;D:\Maven\.m2\repository\org\webjars\npm\vaadin__vaadin-mobile-drag-drop\1.0.1\vaadin__vaadin-mobile-drag-drop-1.0.1.jar;D:\Maven\.m2\repository\org\webjars\npm\mobile-drag-drop\2.3.0-rc.2\mobile-drag-drop-2.3.0-rc.2.jar;D:\Maven\.m2\repository\com\vaadin\vaadin-lumo-theme\23.2.7\vaadin-lumo-theme-23.2.7.jar;D:\Maven\.m2\repository\com\vaadin\vaadin-material-theme\23.2.7\vaadin-material-theme-23.2.7.jar;D:\Maven\.m2\repository\com\vaadin\vaadin-accordion-flow\23.2.7\vaadin-accordion-flow-23.2.7.jar;D:\Maven\.m2\repository\com\vaadin\vaadin-avatar-flow\23.2.7\vaadin-avatar-flow-23.2.7.jar;D:\Maven\.m2\repository\com\vaadin\vaadin-flow-components-base\23.2.7\vaadin-flow-components-base-23.2.7.jar;D:\Maven\.m2\repository\com\vaadin\vaadin-button-flow\23.2.7\vaadin-button-flow-23.2.7.jar;D:\Maven\.m2\repository\com\vaadin\vaadin-checkbox-flow\23.2.7\vaadin-checkbox-flow-23.2.7.jar;D:\Maven\.m2\repository\com\vaadin\vaadin-combo-box-flow\23.2.7\vaadin-combo-box-flow-23.2.7.jar;D:\Maven\.m2\repository\com\vaadin\vaadin-confirm-dialog-flow\23.2.7\vaadin-confirm-dialog-flow-23.2.7.jar;D:\Maven\.m2\repository\com\vaadin\vaadin-custom-field-flow\23.2.7\vaadin-custom-field-flow-23.2.7.jar;D:\Maven\.m2\repository\com\vaadin\vaadin-date-picker-flow\23.2.7\vaadin-date-picker-flow-23.2.7.jar;D:\Maven\.m2\repository\com\vaadin\vaadin-date-time-picker-flow\23.2.7\vaadin-date-time-picker-flow-23.2.7.jar;D:\Maven\.m2\repository\com\vaadin\vaadin-details-flow\23.2.7\vaadin-details-flow-23.2.7.jar;D:\Maven\.m2\repository\com\vaadin\vaadin-time-picker-flow\23.2.7\vaadin-time-picker-flow-23.2.7.jar;D:\Maven\.m2\repository\com\vaadin\vaadin-select-flow\23.2.7\vaadin-select-flow-23.2.7.jar;D:\Maven\.m2\repository\com\vaadin\vaadin-dialog-flow\23.2.7\vaadin-dialog-flow-23.2.7.jar;D:\Maven\.m2\repository\com\vaadin\vaadin-form-layout-flow\23.2.7\vaadin-form-layout-flow-23.2.7.jar;D:\Maven\.m2\repository\com\vaadin\vaadin-field-highlighter-flow\23.2.7\vaadin-field-highlighter-flow-23.2.7.jar;D:\Maven\.m2\repository\com\vaadin\vaadin-grid-flow\23.2.7\vaadin-grid-flow-23.2.7.jar;D:\Maven\.m2\repository\org\apache\commons\commons-lang3\3.12.0\commons-lang3-3.12.0.jar;D:\Maven\.m2\repository\com\vaadin\vaadin-icons-flow\23.2.7\vaadin-icons-flow-23.2.7.jar;D:\Maven\.m2\repository\com\vaadin\vaadin-iron-list-flow\23.2.7\vaadin-iron-list-flow-23.2.7.jar;D:\Maven\.m2\repository\com\vaadin\vaadin-virtual-list-flow\23.2.7\vaadin-virtual-list-flow-23.2.7.jar;D:\Maven\.m2\repository\com\vaadin\vaadin-list-box-flow\23.2.7\vaadin-list-box-flow-23.2.7.jar;D:\Maven\.m2\repository\com\vaadin\vaadin-login-flow\23.2.7\vaadin-login-flow-23.2.7.jar;D:\Maven\.m2\repository\com\vaadin\vaadin-messages-flow\23.2.7\vaadin-messages-flow-23.2.7.jar;D:\Maven\.m2\repository\com\vaadin\vaadin-ordered-layout-flow\23.2.7\vaadin-ordered-layout-flow-23.2.7.jar;D:\Maven\.m2\repository\com\vaadin\vaadin-progress-bar-flow\23.2.7\vaadin-progress-bar-flow-23.2.7.jar;D:\Maven\.m2\repository\com\vaadin\vaadin-radio-button-flow\23.2.7\vaadin-radio-button-flow-23.2.7.jar;D:\Maven\.m2\repository\com\vaadin\vaadin-renderer-flow\23.2.7\vaadin-renderer-flow-23.2.7.jar;D:\Maven\.m2\repository\com\vaadin\vaadin-split-layout-flow\23.2.7\vaadin-split-layout-flow-23.2.7.jar;D:\Maven\.m2\repository\com\vaadin\vaadin-tabs-flow\23.2.7\vaadin-tabs-flow-23.2.7.jar;D:\Maven\.m2\repository\com\vaadin\vaadin-text-field-flow\23.2.7\vaadin-text-field-flow-23.2.7.jar;D:\Maven\.m2\repository\com\vaadin\vaadin-upload-flow\23.2.7\vaadin-upload-flow-23.2.7.jar;D:\Maven\.m2\repository\com\vaadin\vaadin-notification-flow\23.2.7\vaadin-notification-flow-23.2.7.jar;D:\Maven\.m2\repository\com\vaadin\vaadin-app-layout-flow\23.2.7\vaadin-app-layout-flow-23.2.7.jar;D:\Maven\.m2\repository\com\vaadin\vaadin-context-menu-flow\23.2.7\vaadin-context-menu-flow-23.2.7.jar;D:\Maven\.m2\repository\com\vaadin\vaadin-menu-bar-flow\23.2.7\vaadin-menu-bar-flow-23.2.7.jar;D:\Maven\.m2\repository\org\springframework\boot\spring-boot-starter-web\2.7.5\spring-boot-starter-web-2.7.5.jar;D:\Maven\.m2\repository\org\springframework\boot\spring-boot-starter-json\2.7.5\spring-boot-starter-json-2.7.5.jar;D:\Maven\.m2\repository\com\fasterxml\jackson\datatype\jackson-datatype-jdk8\2.13.4\jackson-datatype-jdk8-2.13.4.jar;D:\Maven\.m2\repository\com\fasterxml\jackson\datatype\jackson-datatype-jsr310\2.13.4\jackson-datatype-jsr310-2.13.4.jar;D:\Maven\.m2\repository\com\fasterxml\jackson\module\jackson-module-parameter-names\2.13.4\jackson-module-parameter-names-2.13.4.jar;D:\Maven\.m2\repository\org\springframework\boot\spring-boot-starter-tomcat\2.7.5\spring-boot-starter-tomcat-2.7.5.jar;D:\Maven\.m2\repository\org\apache\tomcat\embed\tomcat-embed-core\9.0.68\tomcat-embed-core-9.0.68.jar;D:\Maven\.m2\repository\org\apache\tomcat\embed\tomcat-embed-el\9.0.68\tomcat-embed-el-9.0.68.jar;D:\Maven\.m2\repository\org\apache\tomcat\embed\tomcat-embed-websocket\9.0.68\tomcat-embed-websocket-9.0.68.jar;D:\Maven\.m2\repository\org\springframework\spring-web\5.3.23\spring-web-5.3.23.jar;D:\Maven\.m2\repository\javax\javaee-api\8.0\javaee-api-8.0.jar;D:\Maven\.m2\repository\com\sun\mail\javax.mail\1.6.0\javax.mail-1.6.0.jar;D:\Maven\.m2\repository\javax\activation\activation\1.1\activation-1.1.jar;D:\Maven\.m2\repository\org\springframework\boot\spring-boot-devtools\2.7.5\spring-boot-devtools-2.7.5.jar;D:\Maven\.m2\repository\org\springframework\boot\spring-boot\2.7.5\spring-boot-2.7.5.jar;D:\Maven\.m2\repository\org\springframework\boot\spring-boot-autoconfigure\2.7.5\spring-boot-autoconfigure-2.7.5.jar;D:\Maven\.m2\repository\com\h2database\h2\2.1.214\h2-2.1.214.jar;D:\Maven\.m2\repository\org\springframework\boot\spring-boot-starter-test\2.7.5\spring-boot-starter-test-2.7.5.jar;D:\Maven\.m2\repository\org\springframework\boot\spring-boot-starter\2.7.5\spring-boot-starter-2.7.5.jar;D:\Maven\.m2\repository\org\springframework\boot\spring-boot-starter-logging\2.7.5\spring-boot-starter-logging-2.7.5.jar;D:\Maven\.m2\repository\ch\qos\logback\logback-classic\1.2.11\logback-classic-1.2.11.jar;D:\Maven\.m2\repository\ch\qos\logback\logback-core\1.2.11\logback-core-1.2.11.jar;D:\Maven\.m2\repository\org\apache\logging\log4j\log4j-to-slf4j\2.17.2\log4j-to-slf4j-2.17.2.jar;D:\Maven\.m2\repository\org\slf4j\jul-to-slf4j\1.7.36\jul-to-slf4j-1.7.36.jar;D:\Maven\.m2\repository\jakarta\annotation\jakarta.annotation-api\1.3.5\jakarta.annotation-api-1.3.5.jar;D:\Maven\.m2\repository\org\yaml\snakeyaml\1.30\snakeyaml-1.30.jar;D:\Maven\.m2\repository\org\springframework\boot\spring-boot-test\2.7.5\spring-boot-test-2.7.5.jar;D:\Maven\.m2\repository\org\springframework\boot\spring-boot-test-autoconfigure\2.7.5\spring-boot-test-autoconfigure-2.7.5.jar;D:\Maven\.m2\repository\com\jayway\jsonpath\json-path\2.7.0\json-path-2.7.0.jar;D:\Maven\.m2\repository\net\minidev\json-smart\2.4.8\json-smart-2.4.8.jar;D:\Maven\.m2\repository\net\minidev\accessors-smart\2.4.8\accessors-smart-2.4.8.jar;D:\Maven\.m2\repository\org\ow2\asm\asm\9.1\asm-9.1.jar;D:\Maven\.m2\repository\jakarta\xml\bind\jakarta.xml.bind-api\2.3.3\jakarta.xml.bind-api-2.3.3.jar;D:\Maven\.m2\repository\jakarta\activation\jakarta.activation-api\1.2.2\jakarta.activation-api-1.2.2.jar;D:\Maven\.m2\repository\org\assertj\assertj-core\3.22.0\assertj-core-3.22.0.jar;D:\Maven\.m2\repository\org\hamcrest\hamcrest\2.2\hamcrest-2.2.jar;D:\Maven\.m2\repository\org\junit\jupiter\junit-jupiter\5.8.2\junit-jupiter-5.8.2.jar;D:\Maven\.m2\repository\org\junit\jupiter\junit-jupiter-api\5.8.2\junit-jupiter-api-5.8.2.jar;D:\Maven\.m2\repository\org\opentest4j\opentest4j\1.2.0\opentest4j-1.2.0.jar;D:\Maven\.m2\repository\org\junit\platform\junit-platform-commons\1.8.2\junit-platform-commons-1.8.2.jar;D:\Maven\.m2\repository\org\apiguardian\apiguardian-api\1.1.2\apiguardian-api-1.1.2.jar;D:\Maven\.m2\repository\org\junit\jupiter\junit-jupiter-params\5.8.2\junit-jupiter-params-5.8.2.jar;D:\Maven\.m2\repository\org\junit\jupiter\junit-jupiter-engine\5.8.2\junit-jupiter-engine-5.8.2.jar;D:\Maven\.m2\repository\org\junit\platform\junit-platform-engine\1.8.2\junit-platform-engine-1.8.2.jar;D:\Maven\.m2\repository\org\mockito\mockito-core\4.5.1\mockito-core-4.5.1.jar;D:\Maven\.m2\repository\net\bytebuddy\byte-buddy-agent\1.12.18\byte-buddy-agent-1.12.18.jar;D:\Maven\.m2\repository\org\objenesis\objenesis\3.2\objenesis-3.2.jar;D:\Maven\.m2\repository\org\mockito\mockito-junit-jupiter\4.5.1\mockito-junit-jupiter-4.5.1.jar;D:\Maven\.m2\repository\org\skyscreamer\jsonassert\1.5.1\jsonassert-1.5.1.jar;D:\Maven\.m2\repository\com\vaadin\external\google\android-json\0.0.20131108.vaadin1\android-json-0.0.20131108.vaadin1.jar;D:\Maven\.m2\repository\org\springframework\spring-core\5.3.23\spring-core-5.3.23.jar;D:\Maven\.m2\repository\org\springframework\spring-jcl\5.3.23\spring-jcl-5.3.23.jar;D:\Maven\.m2\repository\org\springframework\spring-test\5.3.23\spring-test-5.3.23.jar;D:\Maven\.m2\repository\org\xmlunit\xmlunit-core\2.9.0\xmlunit-core-2.9.0.jar;D:\Maven\.m2\repository\com\mysql\mysql-connector-j\8.0.31\mysql-connector-j-8.0.31.jar;D:\Maven\.m2\repository\mysql\mysql-connector-java\8.0.23\mysql-connector-java-8.0.23.jar;D:\Maven\.m2\repository\org\projectlombok\lombok\1.18.24\lombok-1.18.24.jar;D:\Maven\.m2\repository\org\springframework\spring-context\5.3.5\spring-context-5.3.5.jar;D:\Maven\.m2\repository\org\springframework\spring-aop\5.3.23\spring-aop-5.3.23.jar;D:\Maven\.m2\repository\org\springframework\spring-beans\5.3.23\spring-beans-5.3.23.jar;D:\Maven\.m2\repository\org\springframework\spring-expression\5.3.23\spring-expression-5.3.23.jar;D:\Maven\.m2\repository\org\apache\logging\log4j\log4j-api\2.20.0\log4j-api-2.20.0.jar;D:\Maven\.m2\repository\org\apache\logging\log4j\log4j-core\2.20.0\log4j-core-2.20.0.jar;"/>
    <property name="sun.cpu.endian" value="little"/>
    <property name="user.home" value="C:\Users\Ferdi"/>
    <property name="user.language" value="en"/>
    <property name="java.specification.vendor" value="Oracle Corporation"/>
    <property name="java.version.date" value="2023-04-18"/>
    <property name="java.home" value="C:\Program Files\Java\jdk-17"/>
    <property name="file.separator" value="\"/>
    <property name="basedir" value="C:\Users\Ferdi\IdeaProjects\digitalOcean"/>
    <property name="java.vm.compressedOopsMode" value="32-bit"/>
    <property name="line.separator" value="&#10;"/>
    <property name="java.vm.specification.vendor" value="Oracle Corporation"/>
    <property name="java.specification.name" value="Java Platform API Specification"/>
    <property name="surefire.real.class.path" value="C:\Users\Ferdi\AppData\Local\Temp\surefire9881745309649846065\surefirebooter12942386247592491315.jar"/>
    <property name="user.script" value=""/>
    <property name="sun.management.compiler" value="HotSpot 64-Bit Tiered Compilers"/>
    <property name="java.runtime.version" value="17.0.7+8-LTS-224"/>
    <property name="user.name" value="Ferdi"/>
    <property name="path.separator" value=";"/>
    <property name="os.version" value="10.0"/>
    <property name="java.runtime.name" value="Java(TM) SE Runtime Environment"/>
    <property name="file.encoding" value="Cp1252"/>
    <property name="java.vm.name" value="Java HotSpot(TM) 64-Bit Server VM"/>
    <property name="localRepository" value="D:\Maven\.m2\repository"/>
    <property name="java.vendor.url.bug" value="https://bugreport.java.com/bugreport/"/>
    <property name="java.io.tmpdir" value="C:\Users\Ferdi\AppData\Local\Temp\"/>
    <property name="java.version" value="17.0.7"/>
    <property name="user.dir" value="C:\Users\Ferdi\IdeaProjects\digitalOcean"/>
    <property name="os.arch" value="amd64"/>
    <property name="java.vm.specification.name" value="Java Virtual Machine Specification"/>
    <property name="sun.os.patch.level" value=""/>
    <property name="native.encoding" value="Cp1252"/>
    <property name="java.library.path" value="C:\Program Files\Java\jdk-17\bin;C:\WINDOWS\Sun\Java\bin;C:\WINDOWS\system32;C:\WINDOWS;C:\Program Files\Java\jdk-17\bin;C:\Program Files\Common Files\Oracle\Java\javapath;C:\Program Files (x86)\Common Files\Oracle\Java\javapath;C:\Program Files\AdoptOpenJDK\jdk-11.0.8.10-hotspot\bin;C:\WINDOWS\system32;C:\WINDOWS;C:\WINDOWS\System32\Wbem;C:\WINDOWS\System32\WindowsPowerShell\v1.0\;C:\WINDOWS\System32\OpenSSH\;C:\Program Files\Git\cmd;C:\Program Files\dotnet\;;C:\Program Files\Docker\Docker\resources\bin;C:\Users\Ferdi\AppData\Local\Programs\Python\Python311\Scripts\;C:\Users\Ferdi\AppData\Local\Programs\Python\Python311\;C:\Program Files\Java\jdk-17\bin;C:\Program Files\MySQL\MySQL Shell 8.0\bin\;C:\Users\Ferdi\AppData\Local\Programs\Python\Python38\Scripts\;C:\Users\Ferdi\AppData\Local\Programs\Python\Python38\;PATH=C:\Program Files\Java\jdk-17\bin;C:\Program Files\Common Files\Oracle\Java\javapath;C:\Program Files (x86)\Common Files\Oracle\Java\javapath;C:\Program Files\AdoptOpenJDK\jdk-11.0.8.10-hotspot\bin;C:\WINDOWS\system32;C:\WINDOWS;C:\WINDOWS\System32\Wbem;C:\WINDOWS\System32\WindowsPowerShell\v1.0\;C:\WINDOWS\System32\OpenSSH\;C:\Program Files\Git\cmd;C:\Program Files\dotnet\;;C:\Program Files\Docker\Docker\resources\bin;C:\Users\Ferdi\AppData\Local\Microsoft\WindowsApps;C:\Users\Ferdi\Downloads\apache-maven-3.8.6-bin\apache-maven-3.8.6\bin;C:\Program Files\heroku\bin;;."/>
    <property name="java.vm.info" value="mixed mode, sharing"/>
    <property name="java.vendor" value="Oracle Corporation"/>
    <property name="java.vm.version" value="17.0.7+8-LTS-224"/>
    <property name="sun.io.unicode.encoding" value="UnicodeLittle"/>
    <property name="java.class.version" value="61.0"/>
  </properties>
  <testcase name="printPlayerByNameContaining" classname="com.example.demo.repository.PlayerRepositoryTest" time="0.462"/>
  <testcase name="savePlayer" classname="com.example.demo.repository.PlayerRepositoryTest" time="0.138">
    <error message="could not execute statement; nested exception is org.hibernate.exception.GenericJDBCException: could not execute statement" type="org.springframework.orm.jpa.JpaSystemException">org.springframework.orm.jpa.JpaSystemException: could not execute statement; nested exception is org.hibernate.exception.GenericJDBCException: could not execute statement
	at com.example.demo.repository.PlayerRepositoryTest.savePlayer(PlayerRepositoryTest.java:20)
Caused by: org.hibernate.exception.GenericJDBCException: could not execute statement
	at com.example.demo.repository.PlayerRepositoryTest.savePlayer(PlayerRepositoryTest.java:20)
Caused by: java.sql.SQLException: Field 'player_one_logged_in' doesn't have a default value
	at com.example.demo.repository.PlayerRepositoryTest.savePlayer(PlayerRepositoryTest.java:20)
</error>
    <system-out><![CDATA[Hibernate: insert into tbl_player (games_lost, games_played, games_won, name_of_player, password) values (?, ?, ?, ?, ?)
2023-09-18 17:58:16.424  WARN 50004 --- [           main] o.h.engine.jdbc.spi.SqlExceptionHelper   : SQL Error: 1364, SQLState: HY000
2023-09-18 17:58:16.425 ERROR 50004 --- [           main] o.h.engine.jdbc.spi.SqlExceptionHelper   : Field 'player_one_logged_in' doesn't have a default value
]]></system-out>
  </testcase>
</testsuite>